<?xml version="1.0" encoding="UTF-8"?>
<testng-results ignored="0" total="1" passed="1" failed="0" skipped="0">
  <reporter-output>
  </reporter-output>
  <suite started-at="2023-08-02T15:37:34Z" name="Suite" finished-at="2023-08-02T15:37:50Z" duration-ms="15698">
    <groups>
    </groups>
    <test started-at="2023-08-02T15:37:34Z" name="Test" finished-at="2023-08-02T15:37:50Z" duration-ms="15698">
      <class name="LoginPage.CustomerSearch">
        <test-method is-config="true" signature="launchApp()[pri:0, instance:LoginPage.CustomerSearch@b3ca52e]" started-at="2023-08-02T08:37:34Z" name="launchApp" finished-at="2023-08-02T08:37:38Z" duration-ms="4047" status="PASS">
          <reporter-output>
          </reporter-output>
        </test-method> <!-- launchApp -->
        <test-method signature="verifyLoginFeature()[pri:0, instance:LoginPage.CustomerSearch@b3ca52e]" started-at="2023-08-02T08:37:38Z" name="verifyLoginFeature" finished-at="2023-08-02T08:37:43Z" duration-ms="4727" status="PASS">
          <reporter-output>
          </reporter-output>
        </test-method> <!-- verifyLoginFeature -->
        <test-method is-config="true" signature="closeApp()[pri:0, instance:LoginPage.CustomerSearch@b3ca52e]" started-at="2023-08-02T08:37:43Z" name="closeApp" finished-at="2023-08-02T08:37:50Z" duration-ms="6908" status="PASS">
          <reporter-output>
          </reporter-output>
        </test-method> <!-- closeApp -->
      </class> <!-- LoginPage.CustomerSearch -->
    </test> <!-- Test -->
  </suite> <!-- Suite -->
</testng-results>
